c:\users\yangguang\source\repos\qtapplication1v1\qtapplication1\x64\debug\detect_recognize_rtwutil.obj
c:\users\yangguang\source\repos\qtapplication1v1\qtapplication1\x64\debug\processconstructorarguments.obj
c:\users\yangguang\source\repos\qtapplication1v1\qtapplication1\x64\debug\firdecimator.obj
c:\users\yangguang\source\repos\qtapplication1v1\qtapplication1\x64\debug\raisedcosinereceivefilter.obj
c:\users\yangguang\source\repos\qtapplication1v1\qtapplication1\x64\debug\systemprop.obj
c:\users\yangguang\source\repos\qtapplication1v1\qtapplication1\x64\debug\firstfunction2.obj
c:\users\yangguang\source\repos\qtapplication1v1\qtapplication1\x64\debug\rtgetnan.obj
c:\users\yangguang\source\repos\qtapplication1v1\qtapplication1\x64\debug\sortidx.obj
c:\users\yangguang\source\repos\qtapplication1v1\qtapplication1\x64\debug\eml_setop.obj
c:\users\yangguang\source\repos\qtapplication1v1\qtapplication1\x64\debug\mc_cumulants1ccode.obj
c:\users\yangguang\source\repos\qtapplication1v1\qtapplication1\x64\debug\fftimplementationcallback.obj
c:\users\yangguang\source\repos\qtapplication1v1\qtapplication1\x64\debug\relop.obj
c:\users\yangguang\source\repos\qtapplication1v1\qtapplication1\x64\debug\detect_recognize_terminate.obj
c:\users\yangguang\source\repos\qtapplication1v1\qtapplication1\x64\debug\newprojectshicenew2ccode.obj
c:\users\yangguang\source\repos\qtapplication1v1\qtapplication1\x64\debug\cacfig_v4.obj
c:\users\yangguang\source\repos\qtapplication1v1\qtapplication1\x64\debug\ifft.obj
c:\users\yangguang\source\repos\qtapplication1v1\qtapplication1\x64\debug\widget.obj
c:\users\yangguang\source\repos\qtapplication1v1\qtapplication1\x64\debug\findpeaks.obj
c:\users\yangguang\source\repos\qtapplication1v1\qtapplication1\x64\debug\hilbert.obj
c:\users\yangguang\source\repos\qtapplication1v1\qtapplication1\x64\debug\symbolsynchronizer.obj
c:\users\yangguang\source\repos\qtapplication1v1\qtapplication1\x64\debug\appinit.obj
c:\users\yangguang\source\repos\qtapplication1v1\qtapplication1\x64\debug\fftshift.obj
c:\users\yangguang\source\repos\qtapplication1v1\qtapplication1\x64\debug\rtgetinf.obj
c:\users\yangguang\source\repos\qtapplication1v1\qtapplication1\x64\debug\ymaxccode.obj
c:\users\yangguang\source\repos\qtapplication1v1\qtapplication1\x64\debug\detect_recognize_initialize.obj
c:\users\yangguang\source\repos\qtapplication1v1\qtapplication1\x64\debug\main.obj
c:\users\yangguang\source\repos\qtapplication1v1\qtapplication1\x64\debug\fft.obj
c:\users\yangguang\source\repos\qtapplication1v1\qtapplication1\x64\debug\sort.obj
c:\users\yangguang\source\repos\qtapplication1v1\qtapplication1\x64\debug\detect_recognize.obj
c:\users\yangguang\source\repos\qtapplication1v1\qtapplication1\x64\debug\mymessagebox.obj
c:\users\yangguang\source\repos\qtapplication1v1\qtapplication1\x64\debug\detect_recognize_data.obj
c:\users\yangguang\source\repos\qtapplication1v1\qtapplication1\x64\debug\function_1.obj
c:\users\yangguang\source\repos\qtapplication1v1\qtapplication1\x64\debug\coarsefrequencycompensator.obj
c:\users\yangguang\source\repos\qtapplication1v1\qtapplication1\x64\debug\rt_nonfinite.obj
c:\users\yangguang\source\repos\qtapplication1v1\qtapplication1\x64\debug\carriersynchronizer.obj
c:\users\yangguang\source\repos\qtapplication1v1\qtapplication1\x64\debug\signal_num_detect_v2.obj
c:\users\yangguang\source\repos\qtapplication1v1\qtapplication1\x64\debug\vc142.pdb
c:\users\yangguang\source\repos\qtapplication1v1\qtapplication1\x64\debug\moc_appinit.obj
c:\users\yangguang\source\repos\qtapplication1v1\qtapplication1\x64\debug\qrc_qss.obj
c:\users\yangguang\source\repos\qtapplication1v1\qtapplication1\x64\debug\moc_mymessagebox.obj
c:\users\yangguang\source\repos\qtapplication1v1\qtapplication1\x64\debug\moc_widget.obj
c:\users\yangguang\source\repos\qtapplication1v1\x64\debug\qtapplication1.exe
c:\users\yangguang\source\repos\qtapplication1v1\x64\debug\qtapplication1.ilk
c:\users\yangguang\source\repos\qtapplication1v1\x64\debug\qtapplication1.pdb
c:\users\yangguang\source\repos\qtapplication1v1\qtapplication1\x64\debug\moc\moc_widget.cpp
c:\users\yangguang\source\repos\qtapplication1v1\qtapplication1\x64\debug\moc\moc_mymessagebox.cpp
c:\users\yangguang\source\repos\qtapplication1v1\qtapplication1\x64\debug\moc\moc_appinit.cpp
c:\users\yangguang\source\repos\qtapplication1v1\qtapplication1\x64\debug\uic\ui_mymessagebox.h
c:\users\yangguang\source\repos\qtapplication1v1\qtapplication1\x64\debug\uic\ui_widget.h
c:\users\yangguang\source\repos\qtapplication1v1\qtapplication1\x64\debug\rcc\qrc_qss.cpp
c:\users\yangguang\source\repos\qtapplication1v1\qtapplication1\x64\debug\qtapplication1.tlog\cl.command.1.tlog
c:\users\yangguang\source\repos\qtapplication1v1\qtapplication1\x64\debug\qtapplication1.tlog\cl.read.1.tlog
c:\users\yangguang\source\repos\qtapplication1v1\qtapplication1\x64\debug\qtapplication1.tlog\cl.write.1.tlog
c:\users\yangguang\source\repos\qtapplication1v1\qtapplication1\x64\debug\qtapplication1.tlog\link.command.1.tlog
c:\users\yangguang\source\repos\qtapplication1v1\qtapplication1\x64\debug\qtapplication1.tlog\link.read.1.tlog
c:\users\yangguang\source\repos\qtapplication1v1\qtapplication1\x64\debug\qtapplication1.tlog\link.write.1.tlog
c:\users\yangguang\source\repos\qtapplication1v1\qtapplication1\x64\debug\qtapplication1.tlog\moc.read.1u.tlog
c:\users\yangguang\source\repos\qtapplication1v1\qtapplication1\x64\debug\qtapplication1.tlog\moc.write.1u.tlog
c:\users\yangguang\source\repos\qtapplication1v1\qtapplication1\x64\debug\qtapplication1.tlog\qtapplication1.write.1u.tlog
c:\users\yangguang\source\repos\qtapplication1v1\qtapplication1\x64\debug\qtapplication1.tlog\rcc.read.1u.tlog
c:\users\yangguang\source\repos\qtapplication1v1\qtapplication1\x64\debug\qtapplication1.tlog\rcc.write.1u.tlog
c:\users\yangguang\source\repos\qtapplication1v1\qtapplication1\x64\debug\qtapplication1.tlog\uic.read.1u.tlog
c:\users\yangguang\source\repos\qtapplication1v1\qtapplication1\x64\debug\qtapplication1.tlog\uic.write.1u.tlog
