  uic mymessagebox.ui
  uic widget.ui
  rcc qss.qrc
  moc widget.h
  moc mymessagebox.h
  moc appinit.h
   C:\Users\yangguang\QtApplication1V1\QtApplication1\widget.ui: Warning: Z-order assignment: '' is not a valid widget.
   C:\Users\yangguang\QtApplication1V1\QtApplication1\widget.ui: Warning: Z-order assignment: '' is not a valid widget.
  appinit.cpp
  CACfig_v4.cpp
  CarrierSynchronizer.cpp
  CoarseFrequencyCompensator.cpp
  detect_recognize.cpp
  detect_recognize_data.cpp
  detect_recognize_initialize.cpp
  detect_recognize_rtwutil.cpp
  detect_recognize_terminate.cpp
  eml_setop.cpp
  fft.cpp
  FFTImplementationCallback.cpp
  fftshift.cpp
  findpeaks.cpp
  FIRDecimator.cpp
  firstfunction2.cpp
  function.cpp
  hilbert.cpp
  ifft.cpp
  main.cpp
  MC_cumulants1ccode.cpp
  mymessagebox.cpp
  newprojectshicenew2ccode.cpp
  ProcessConstructorArguments.cpp
  RaisedCosineReceiveFilter.cpp
  relop.cpp
C:\Users\yangguang\QtApplication1V1\QtApplication1\mymessagebox.cpp(1,1): warning C4819: 该文件包含不能在当前代码页(936)中表示的字符。请将该文件保存为 Unicode 格式以防止数据丢失
C:\Users\yangguang\QtApplication1V1\QtApplication1\mymessagebox.h(1,1): warning C4819: 该文件包含不能在当前代码页(936)中表示的字符。请将该文件保存为 Unicode 格式以防止数据丢失 (编译源文件 mymessagebox.cpp)
C:\Users\yangguang\QtApplication1V1\QtApplication1\function.h(1,1): warning C4819: 该文件包含不能在当前代码页(936)中表示的字符。请将该文件保存为 Unicode 格式以防止数据丢失 (编译源文件 function.cpp)
C:\Users\yangguang\QtApplication1V1\QtApplication1\mymessagebox.h(4,10): fatal error C1083: 无法打开包括文件: “QDialog”: No such file or directory (编译源文件 mymessagebox.cpp)
  rtGetInf.cpp
  rtGetNaN.cpp
  rt_nonfinite.cpp
  signal_num_detect_v2.cpp
C:\Users\yangguang\QtApplication1V1\QtApplication1\main.cpp(1,1): warning C4819: 该文件包含不能在当前代码页(936)中表示的字符。请将该文件保存为 Unicode 格式以防止数据丢失
C:\Users\yangguang\QtApplication1V1\QtApplication1\function.h(1,1): warning C4819: 该文件包含不能在当前代码页(936)中表示的字符。请将该文件保存为 Unicode 格式以防止数据丢失 (编译源文件 main.cpp)
  sort.cpp
  sortIdx.cpp
  SymbolSynchronizer.cpp
  SystemProp.cpp
  widget.cpp
  Ymaxccode.cpp
C:\Users\yangguang\QtApplication1V1\QtApplication1\widget.cpp(1,1): warning C4819: 该文件包含不能在当前代码页(936)中表示的字符。请将该文件保存为 Unicode 格式以防止数据丢失
C:\Users\yangguang\QtApplication1V1\QtApplication1\widget.h(1,1): warning C4819: 该文件包含不能在当前代码页(936)中表示的字符。请将该文件保存为 Unicode 格式以防止数据丢失 (编译源文件 widget.cpp)
C:\Users\yangguang\QtApplication1V1\QtApplication1\widget.h(4,10): fatal error C1083: 无法打开包括文件: “QWidget”: No such file or directory (编译源文件 widget.cpp)
C:\Users\yangguang\QtApplication1V1\QtApplication1\appinit.cpp(3,10): fatal error C1083: 无法打开包括文件: “qapplication.h”: No such file or directory
C:\Users\yangguang\QtApplication1V1\QtApplication1\function.h(6,10): fatal error C1083: 无法打开包括文件: “Python.h”: No such file or directory (编译源文件 main.cpp)
C:\Users\yangguang\QtApplication1V1\QtApplication1\function.h(6,10): fatal error C1083: 无法打开包括文件: “Python.h”: No such file or directory (编译源文件 function.cpp)
